4310 5040
1413 2654
5836 7601
8200 6241
17138.1
1 2 4 3 

1549 7842
2530 7369
3218 7307
7145 9995
12534.6
1 2 3 4 

4143 4092
1665 1916
6527 8
96 3149
16102.8
1 3 2 4 

3616 7778
6906 1113
6325 1336
355 6603
19482.6
1 2 3 4 

6130 2402
4772 4755
6904 1179
9477 411
13253
1 2 4 3 

6462 7631
4908 872
6794 5485
4331 5746
14908.3
1 4 2 3 

3783 3820
8065 3395
3902 893
1692 6799
18651.2
1 3 2 4 

4088 6829
5246 6529
5945 6279
6341 218
14996.9
1 2 3 4 

152 1149
5760 3333
1586 8264
5033 7809
21287.9
1 2 4 3 

3962 5811
5932 8732
7972 5416
5316 7709
11448.3
1 3 2 4 

3055 634
1262 3159
8477 9335
1019 9965
27643.8
1 2 4 3 

8177 5718
5340 7148
9801 6445
7908 6873
9479.79
1 2 4 3 

2103 3292
3471 2218
8254 707
5494 4137
14652.5
1 2 3 4 

4859 8061
9775 7876
5234 9085
1426 5703
18581.7
1 3 2 4 

504 5264
5445 4274
2801 2882
9514 1146
20414.5
1 2 4 3 

